17:40:37.383 [main] INFO  com.cars.LogProducerApplication - Starting LogProducerApplication on DESKTOP-7N83QRM with PID 17076 (E:\IdeaProjects\LogPlatform\log-producer\target\classes started by 11963 in E:\IdeaProjects\LogPlatform)
17:40:37.385 [main] INFO  com.cars.LogProducerApplication - No active profile set, falling back to default profiles: default
17:40:37.415 [main] INFO  o.s.b.w.s.c.AnnotationConfigServletWebServerApplicationContext - Refreshing org.springframework.boot.web.servlet.context.AnnotationConfigServletWebServerApplicationContext@2898ac89: startup date [Thu Mar 29 17:40:37 CST 2018]; root of context hierarchy
17:40:38.048 [main] INFO  o.s.b.w.e.tomcat.TomcatWebServer - Tomcat initialized with port(s): 8080 (http)
17:40:38.073 [main] INFO  o.a.catalina.core.StandardService - Starting service [Tomcat]
17:40:38.073 [main] INFO  o.a.catalina.core.StandardEngine - Starting Servlet Engine: Apache Tomcat/8.5.28
17:40:38.077 [localhost-startStop-1] INFO  o.a.c.core.AprLifecycleListener - The APR based Apache Tomcat Native library which allows optimal performance in production environments was not found on the java.library.path: [D:\Java\jdk1.8.0_101\bin;C:\WINDOWS\Sun\Java\bin;C:\WINDOWS\system32;C:\WINDOWS;D:\app\11963\product\12.2.0\dbhome_1\bin;C:\WINDOWS\system32;C:\WINDOWS;C:\WINDOWS\System32\Wbem;C:\WINDOWS\System32\WindowsPowerShell\v1.0\;D:\Git\cmd;D:\UltraEdit;C:\Program Files\IDM Computer Solutions\UltraCompare;D:\TortoiseSVN\bin;D:\VisualSVN Server\bin;D:\Java\jdk1.8.0_101\bin;D:\Java\jdk1.8.0_101\jre\bin;C:\Users\11963\AppData\Local\Microsoft\WindowsApps;D:\pureSecApi-v2.0.0.0.jar;D:\node-v8.6.0-win-x64;D:\gradle-4.3.1\bin;;.]
17:40:38.144 [localhost-startStop-1] INFO  o.a.c.c.C.[Tomcat].[localhost].[/] - Initializing Spring embedded WebApplicationContext
17:40:38.145 [localhost-startStop-1] INFO  o.s.web.context.ContextLoader - Root WebApplicationContext: initialization completed in 730 ms
17:40:38.235 [localhost-startStop-1] INFO  o.s.b.w.s.ServletRegistrationBean - Servlet dispatcherServlet mapped to [/]
17:40:38.238 [localhost-startStop-1] INFO  o.s.b.w.s.FilterRegistrationBean - Mapping filter: 'characterEncodingFilter' to: [/*]
17:40:38.239 [localhost-startStop-1] INFO  o.s.b.w.s.FilterRegistrationBean - Mapping filter: 'hiddenHttpMethodFilter' to: [/*]
17:40:38.240 [localhost-startStop-1] INFO  o.s.b.w.s.FilterRegistrationBean - Mapping filter: 'httpPutFormContentFilter' to: [/*]
17:40:38.240 [localhost-startStop-1] INFO  o.s.b.w.s.FilterRegistrationBean - Mapping filter: 'requestContextFilter' to: [/*]
17:40:38.423 [main] INFO  o.s.w.s.m.m.a.RequestMappingHandlerAdapter - Looking for @ControllerAdvice: org.springframework.boot.web.servlet.context.AnnotationConfigServletWebServerApplicationContext@2898ac89: startup date [Thu Mar 29 17:40:37 CST 2018]; root of context hierarchy
17:40:38.462 [main] INFO  o.s.w.s.m.m.a.RequestMappingHandlerMapping - Mapped "{[/log]}" onto public java.lang.String com.cars.demo.LoggerOut.log()
17:40:38.467 [main] INFO  o.s.w.s.m.m.a.RequestMappingHandlerMapping - Mapped "{[/error]}" onto public org.springframework.http.ResponseEntity<java.util.Map<java.lang.String, java.lang.Object>> org.springframework.boot.autoconfigure.web.servlet.error.BasicErrorController.error(javax.servlet.http.HttpServletRequest)
17:40:38.468 [main] INFO  o.s.w.s.m.m.a.RequestMappingHandlerMapping - Mapped "{[/error],produces=[text/html]}" onto public org.springframework.web.servlet.ModelAndView org.springframework.boot.autoconfigure.web.servlet.error.BasicErrorController.errorHtml(javax.servlet.http.HttpServletRequest,javax.servlet.http.HttpServletResponse)
17:40:38.488 [main] INFO  o.s.w.s.h.SimpleUrlHandlerMapping - Mapped URL path [/webjars/**] onto handler of type [class org.springframework.web.servlet.resource.ResourceHttpRequestHandler]
17:40:38.489 [main] INFO  o.s.w.s.h.SimpleUrlHandlerMapping - Mapped URL path [/**] onto handler of type [class org.springframework.web.servlet.resource.ResourceHttpRequestHandler]
17:40:38.511 [main] INFO  o.s.w.s.h.SimpleUrlHandlerMapping - Mapped URL path [/**/favicon.ico] onto handler of type [class org.springframework.web.servlet.resource.ResourceHttpRequestHandler]
17:40:38.603 [main] INFO  o.s.j.e.a.AnnotationMBeanExporter - Registering beans for JMX exposure on startup
17:40:38.631 [main] INFO  o.s.b.w.e.tomcat.TomcatWebServer - Tomcat started on port(s): 8080 (http) with context path ''
17:40:38.634 [main] INFO  com.cars.LogProducerApplication - Started LogProducerApplication in 1.481 seconds (JVM running for 2.321)
17:52:14.900 [http-nio-8080-exec-1] INFO  o.a.c.c.C.[Tomcat].[localhost].[/] - Initializing Spring FrameworkServlet 'dispatcherServlet'
17:52:14.901 [http-nio-8080-exec-1] INFO  o.s.web.servlet.DispatcherServlet - FrameworkServlet 'dispatcherServlet': initialization started
17:52:14.913 [http-nio-8080-exec-1] INFO  o.s.web.servlet.DispatcherServlet - FrameworkServlet 'dispatcherServlet': initialization completed in 12 ms
17:52:14.928 [http-nio-8080-exec-1] INFO  com.cars.demo.LoggerOut - sssss
17:54:39.730 [http-nio-8080-exec-4] INFO  com.cars.demo.LoggerOut - sssss
18:29:47.695 [main] INFO  com.cars.LogProducerApplication - Starting LogProducerApplication on DESKTOP-7N83QRM with PID 20960 (E:\IdeaProjects\LogPlatform\log-producer\target\classes started by 11963 in E:\IdeaProjects\LogPlatform)
18:29:47.698 [main] INFO  com.cars.LogProducerApplication - No active profile set, falling back to default profiles: default
18:29:47.741 [main] INFO  o.s.b.w.s.c.AnnotationConfigServletWebServerApplicationContext - Refreshing org.springframework.boot.web.servlet.context.AnnotationConfigServletWebServerApplicationContext@3098cf3b: startup date [Thu Mar 29 18:29:47 CST 2018]; root of context hierarchy
18:29:48.484 [main] INFO  o.s.b.w.e.tomcat.TomcatWebServer - Tomcat initialized with port(s): 8080 (http)
18:29:48.502 [main] INFO  o.a.catalina.core.StandardService - Starting service [Tomcat]
18:29:48.502 [main] INFO  o.a.catalina.core.StandardEngine - Starting Servlet Engine: Apache Tomcat/8.5.28
18:29:48.506 [localhost-startStop-1] INFO  o.a.c.core.AprLifecycleListener - The APR based Apache Tomcat Native library which allows optimal performance in production environments was not found on the java.library.path: [D:\Java\jdk1.8.0_101\bin;C:\WINDOWS\Sun\Java\bin;C:\WINDOWS\system32;C:\WINDOWS;D:\app\11963\product\12.2.0\dbhome_1\bin;C:\WINDOWS\system32;C:\WINDOWS;C:\WINDOWS\System32\Wbem;C:\WINDOWS\System32\WindowsPowerShell\v1.0\;D:\Git\cmd;D:\UltraEdit;C:\Program Files\IDM Computer Solutions\UltraCompare;D:\TortoiseSVN\bin;D:\VisualSVN Server\bin;D:\Java\jdk1.8.0_101\bin;D:\Java\jdk1.8.0_101\jre\bin;C:\Users\11963\AppData\Local\Microsoft\WindowsApps;D:\pureSecApi-v2.0.0.0.jar;D:\node-v8.6.0-win-x64;D:\gradle-4.3.1\bin;;.]
18:29:48.580 [localhost-startStop-1] INFO  o.a.c.c.C.[Tomcat].[localhost].[/] - Initializing Spring embedded WebApplicationContext
18:29:48.581 [localhost-startStop-1] INFO  o.s.web.context.ContextLoader - Root WebApplicationContext: initialization completed in 840 ms
18:29:48.685 [localhost-startStop-1] INFO  o.s.b.w.s.ServletRegistrationBean - Servlet dispatcherServlet mapped to [/]
18:29:48.689 [localhost-startStop-1] INFO  o.s.b.w.s.FilterRegistrationBean - Mapping filter: 'characterEncodingFilter' to: [/*]
18:29:48.690 [localhost-startStop-1] INFO  o.s.b.w.s.FilterRegistrationBean - Mapping filter: 'hiddenHttpMethodFilter' to: [/*]
18:29:48.690 [localhost-startStop-1] INFO  o.s.b.w.s.FilterRegistrationBean - Mapping filter: 'httpPutFormContentFilter' to: [/*]
18:29:48.690 [localhost-startStop-1] INFO  o.s.b.w.s.FilterRegistrationBean - Mapping filter: 'requestContextFilter' to: [/*]
18:29:48.917 [main] INFO  o.s.w.s.m.m.a.RequestMappingHandlerAdapter - Looking for @ControllerAdvice: org.springframework.boot.web.servlet.context.AnnotationConfigServletWebServerApplicationContext@3098cf3b: startup date [Thu Mar 29 18:29:47 CST 2018]; root of context hierarchy
18:29:48.960 [main] INFO  o.s.w.s.m.m.a.RequestMappingHandlerMapping - Mapped "{[/log]}" onto public java.lang.String com.cars.demo.LoggerOut.log()
18:29:48.966 [main] INFO  o.s.w.s.m.m.a.RequestMappingHandlerMapping - Mapped "{[/error]}" onto public org.springframework.http.ResponseEntity<java.util.Map<java.lang.String, java.lang.Object>> org.springframework.boot.autoconfigure.web.servlet.error.BasicErrorController.error(javax.servlet.http.HttpServletRequest)
18:29:48.967 [main] INFO  o.s.w.s.m.m.a.RequestMappingHandlerMapping - Mapped "{[/error],produces=[text/html]}" onto public org.springframework.web.servlet.ModelAndView org.springframework.boot.autoconfigure.web.servlet.error.BasicErrorController.errorHtml(javax.servlet.http.HttpServletRequest,javax.servlet.http.HttpServletResponse)
18:29:48.990 [main] INFO  o.s.w.s.h.SimpleUrlHandlerMapping - Mapped URL path [/webjars/**] onto handler of type [class org.springframework.web.servlet.resource.ResourceHttpRequestHandler]
18:29:48.990 [main] INFO  o.s.w.s.h.SimpleUrlHandlerMapping - Mapped URL path [/**] onto handler of type [class org.springframework.web.servlet.resource.ResourceHttpRequestHandler]
18:29:49.018 [main] INFO  o.s.w.s.h.SimpleUrlHandlerMapping - Mapped URL path [/**/favicon.ico] onto handler of type [class org.springframework.web.servlet.resource.ResourceHttpRequestHandler]
18:29:49.127 [main] INFO  o.s.j.e.a.AnnotationMBeanExporter - Registering beans for JMX exposure on startup
18:29:49.163 [main] INFO  o.s.b.w.e.tomcat.TomcatWebServer - Tomcat started on port(s): 8080 (http) with context path ''
18:29:49.166 [main] INFO  com.cars.LogProducerApplication - Started LogProducerApplication in 1.739 seconds (JVM running for 2.752)
18:30:35.339 [http-nio-8080-exec-1] INFO  o.a.c.c.C.[Tomcat].[localhost].[/] - Initializing Spring FrameworkServlet 'dispatcherServlet'
18:30:35.340 [http-nio-8080-exec-1] INFO  o.s.web.servlet.DispatcherServlet - FrameworkServlet 'dispatcherServlet': initialization started
18:30:35.357 [http-nio-8080-exec-1] INFO  o.s.web.servlet.DispatcherServlet - FrameworkServlet 'dispatcherServlet': initialization completed in 16 ms
18:30:35.372 [http-nio-8080-exec-1] INFO  com.cars.demo.LoggerOut - sssss
18:32:27.385 [http-nio-8080-exec-3] INFO  com.cars.demo.LoggerOut - sssss
18:32:28.985 [http-nio-8080-exec-4] INFO  com.cars.demo.LoggerOut - sssss
18:32:33.512 [http-nio-8080-exec-5] INFO  com.cars.demo.LoggerOut - sssss
